#-----------------------------------------------------------
# xsim v2024.2 (64-bit)
# SW Build 5239630 on Fri Nov 08 22:34:34 MST 2024
# IP Build 5239520 on Sun Nov 10 16:12:51 MST 2024
# SharedData Build 5239561 on Fri Nov 08 14:39:27 MST 2024
# Start of session at: Sun Jun  1 18:42:00 2025
# Process ID         : 40410
# Current directory  : /home/nami/time_alignment_2stage/work/uvm/work/uvm/sim
# Command line       : xsim -log /home/nami/time_alignment_2stage/work/uvm/work/uvm/logs/simulate.log -mode tcl -source {xsim.dir/work.tb/xsim_script.tcl}
# Log file           : /home/nami/time_alignment_2stage/work/uvm/work/uvm/logs/simulate.log
# Journal file       : /home/nami/time_alignment_2stage/work/uvm/work/uvm/sim/xsim.jou
# Running On         : nami-virtual-machine
# Platform           : Ubuntu
# Operating System   : Ubuntu 22.04.5 LTS
# Processor Detail   : Intel(R) Core(TM) i9-9880H CPU @ 2.30GHz
# CPU Frequency      : 2304.000 MHz
# CPU Physical cores : 8
# CPU Logical cores  : 8
# Host memory        : 8078 MB
# Swap memory        : 2243 MB
# Total Virtual      : 10322 MB
# Available Virtual  : 6159 MB
#-----------------------------------------------------------
source xsim.dir/work.tb/xsim_script.tcl
# xsim {work.tb} -testplusarg UVM_TESTNAME=top_test -testplusarg UVM_VERBOSITY= -wdb {/home/nami/time_alignment_2stage/work/uvm/work/uvm/wdb/tb.wdb} -autoloadwcfg -tclbatch {/home/nami/time_alignment_2stage/verification/uvm/scripts/vivado/run.tcl} -onfinish quit -onerror stop -sv_seed 1
Time resolution is 100 ps
source /home/nami/time_alignment_2stage/verification/uvm/scripts/vivado/run.tcl
## set tclStart [clock seconds]
## set scriptsDir [file normalize [file dirname [info script]]]
## puts "This script is located in: $scriptsDir"
This script is located in: /home/nami/time_alignment_2stage/verification/uvm/scripts/vivado
## if { [file exists ${scriptsDir}/probe.tcl] } {
##   source -notrace -quiet ${scriptsDir}/probe.tcl
## }
## run all
UVM_INFO /tools/Xilinx/Vivado/2024.2/data/system_verilog/uvm_1.2/xlnx_uvm_package.sv(18601) @ 0: reporter [UVM/RELNOTES] 
----------------------------------------------------------------
UVM-1.2
(C) 2007-2014 Mentor Graphics Corporation
(C) 2007-2014 Cadence Design Systems, Inc.
(C) 2006-2014 Synopsys, Inc.
(C) 2011-2013 Cypress Semiconductor Corp.
(C) 2013-2014 NVIDIA Corporation
----------------------------------------------------------------

  ***********       IMPORTANT RELEASE NOTES         ************

  You are using a version of the UVM library that has been compiled
  with `UVM_NO_DEPRECATED undefined.

  You are using a version of the UVM library that has been compiled
  with `UVM_OBJECT_DO_NOT_NEED_CONSTRUCTOR undefined.

      (Specify +UVM_NO_RELNOTES to turn off this notice)

UVM_INFO /tools/Xilinx/Vivado/2024.2/data/system_verilog/uvm_1.2/xlnx_uvm_package.sv(18648) @ 0ns: reporter [NO_DPI_TSTNAME] UVM_NO_DPI defined--getting UVM_TESTNAME directly, without DPI
UVM_INFO @ 0ns: reporter [RNTST] Running test top_test...
UVM_FATAL /home/nami/time_alignment_2stage/verification/uvm/sv/timeAlign_uvc_driver.sv(29) @ 0ns: uvm_test_top.m_env.m_timeAlign_agent.m_driver [m_driver] Could not retrieve timeAlign_uvc_if from VIF db
UVM_INFO /tools/Xilinx/Vivado/2024.2/data/system_verilog/uvm_1.2/xlnx_uvm_package.sv(13673) @ 0ns: reporter [UVM/REPORT/SERVER] 
--- UVM Report Summary ---

** Report counts by severity
UVM_INFO :    3
UVM_WARNING :    0
UVM_ERROR :    0
UVM_FATAL :    1
** Report counts by id
[NO_DPI_TSTNAME]     1
[RNTST]     1
[UVM/RELNOTES]     1
[m_driver]     1

$finish called at time : 0 fs : File "/tools/Xilinx/Vivado/2024.2/data/system_verilog/uvm_1.2/xlnx_uvm_package.sv" Line 18538
exit 0
INFO: [Common 17-206] Exiting xsim at Sun Jun  1 18:42:06 2025...
